phase2 start: s=0.96230706 beta=0.06715131
pair_quad h=0.2 A eta=0.01 par: alpha=-1.627060+0.131937j (2s)
pair_quad h=0.2 A eta=0.01 perp: alpha=-1.947699+0.093626j (2s)
pair_quad h=0.2 B eta=0.01 par: alpha=-2.894911+0.457995j (3s)
pair_quad h=0.2 B eta=0.01 perp: alpha=-2.927346+0.183909j (2s)
pair_quad h=0.1 A eta=0.01 par: alpha=-1.748914+0.191312j (138s)
pair_quad h=0.1 A eta=0.01 perp: alpha=-1.952502+0.127824j (38s)
pair_quad h=0.1 B eta=0.01 par: alpha=-2.907403+0.353622j (18s)
pair_quad h=0.1 B eta=0.01 perp: alpha=-2.999212+0.273815j (54s)
single_quad h=0.2 eta=0.01: alpha=-0.961791+0.020507j (8s)
single_quad h=0.2 eta=0.003: alpha=-0.960237+0.006581j (17s)
single_quad h=0.1 eta=0.01: alpha=-0.961484+0.030749j (57s)
single_quad h=0.1 eta=0.003: alpha=-0.958758+0.052389j (62s)
pair_quad h=0.05 A eta=0.01 par: alpha=-1.705339+0.210631j (363s)
pair_quad h=0.05 A eta=0.01 perp: alpha=-1.983767+0.080438j (104s)
pair_quad h=0.05 A eta=0.003 par: alpha=-1.697025+0.185420j (99s)
pair_quad h=0.05 A eta=0.003 perp: alpha=-1.979227+0.061596j (90s)
pair_quad h=0.05 B eta=0.01 par: alpha=-3.013731+0.515468j (87s)
pair_quad h=0.05 B eta=0.01 perp: alpha=-3.010662+0.190853j (99s)
pair_quad h=0.05 B eta=0.003 par: alpha=-3.178908+0.543937j (102s)
pair_quad h=0.05 B eta=0.003 perp: alpha=-3.031429+0.134010j (146s)
single_quad h=0.05 eta=0.01: alpha=-0.967142+0.033103j (82s)
single_quad h=0.05 eta=0.003: alpha=-0.968915+0.031296j (88s)
pair_quad h=0.025 A eta=0.01 par: alpha=-1.705235+0.217920j (871s)
pair_quad h=0.025 A eta=0.01 perp: alpha=-1.978727+0.080796j (800s)
pair_quad h=0.025 A eta=0.003 par: alpha=-1.675778+0.226925j (739s)
pair_quad h=0.025 A eta=0.003 perp: alpha=-1.978056+0.051611j (661s)
pair_quad h=0.025 B eta=0.01 par: alpha=-2.987788+0.502204j (20404s)
pair_quad h=0.025 B eta=0.01 perp: alpha=-3.006630+0.204134j (580s)
pair_quad h=0.025 B eta=0.003 par: alpha=-2.981938+0.483957j (461s)
pair_quad h=0.025 B eta=0.003 perp: alpha=-3.057761+0.146101j (567s)
